<?xml version="1.0" encoding="UTF-8"?>
<!-- Generated by org.testng.reporters.JUnitXMLReporter -->
<testsuite ignored="4" hostname="LAPTOP-1IRUC0VU" failures="0" tests="5" name="RS Demo" time="21.803" errors="0" timestamp="2023-10-04T22:47:56 EDT">
  <testcase classname="Test.Demo1" name="T1" time="8.355"/>
  <testcase classname="Test.Demo2" name="T1" time="6.705"/>
  <testcase classname="Test.Demo3" name="T1" time="6.681"/>
  <testcase classname="Test.Demo3" name="T2" time="0.0"/>
  <testcase classname="Test.Demo3" name="T3" time="0.0"/>
  <testcase classname="Test.Demo1" name="T2" time="0.0">
    <ignored/>
  </testcase> <!-- T2 -->
  <testcase classname="Test.Demo1" name="T3" time="0.0">
    <ignored/>
  </testcase> <!-- T3 -->
  <testcase classname="Test.Demo2" name="T3" time="0.0">
    <ignored/>
  </testcase> <!-- T3 -->
  <testcase classname="Test.Demo2" name="T2" time="0.0">
    <ignored/>
  </testcase> <!-- T2 -->
</testsuite> <!-- RS Demo -->
