<?xml version="1.0" encoding="UTF-8"?>
<!-- Generated by org.testng.reporters.JUnitXMLReporter -->
<testsuite ignored="0" hostname="LAPTOP-1IRUC0VU" failures="1" tests="3" name="Test" time="0.08" errors="0" timestamp="2023-10-04T22:03:49 EDT">
  <testcase classname="Test.Demo1" name="T1" time="0.0">
    <failure type="org.testng.TestNGException" message="
Parameter &amp;apos;URL&amp;apos; is required by @Test on method T1 but has not been marked @Optional or defined
in C:\Users\ajink\eclipse-workspace\Demo\TestNGSample\testng.xml">
      <![CDATA[org.testng.TestNGException: 
Parameter 'URL' is required by @Test on method T1 but has not been marked @Optional or defined
in C:\Users\ajink\eclipse-workspace\Demo\TestNGSample\testng.xml
at java.base/java.util.ArrayList.forEach(ArrayList.java:1511)
... Removed 26 stack frames]]>
    </failure>
  </testcase> <!-- T1 -->
  <testcase classname="Test.Demo1" name="T2" time="0.003"/>
  <testcase classname="Test.Demo1" name="T3" time="0.002"/>
</testsuite> <!-- Test -->
