<?xml version="1.0" encoding="UTF-8"?>
<testng-results ignored="0" total="5" passed="5" failed="0" skipped="0">
  <reporter-output>
  </reporter-output>
  <suite started-at="2023-10-04T22:47:34 EDT" name="Suite" finished-at="2023-10-04T22:47:56 EDT" duration-ms="21803">
    <groups>
    </groups>
    <test started-at="2023-10-04T22:47:34 EDT" name="RS Demo" finished-at="2023-10-04T22:47:56 EDT" duration-ms="21803">
      <class name="Test.Demo3">
        <test-method signature="T1(java.lang.String)[pri:0, instance:Test.Demo3@6b4a4e18]" started-at="2023-10-04T22:47:49 EDT" name="T1" finished-at="2023-10-04T22:47:56 EDT" duration-ms="6681" status="PASS">
          <params>
            <param index="0">
              <value>
                <![CDATA[https://rahulshettyacademy.com/AutomationPractice/]]>
              </value>
            </param>
          </params>
          <reporter-output>
          </reporter-output>
        </test-method> <!-- T1 -->
        <test-method signature="T2()[pri:0, instance:Test.Demo3@6b4a4e18]" started-at="2023-10-04T22:47:56 EDT" name="T2" finished-at="2023-10-04T22:47:56 EDT" duration-ms="0" status="PASS">
          <reporter-output>
          </reporter-output>
        </test-method> <!-- T2 -->
        <test-method signature="T3()[pri:0, instance:Test.Demo3@6b4a4e18]" started-at="2023-10-04T22:47:56 EDT" name="T3" finished-at="2023-10-04T22:47:56 EDT" duration-ms="0" status="PASS">
          <reporter-output>
          </reporter-output>
        </test-method> <!-- T3 -->
      </class> <!-- Test.Demo3 -->
      <class name="Test.Demo2">
        <test-method signature="T1(java.lang.String)[pri:0, instance:Test.Demo2@78b729e6]" started-at="2023-10-04T22:47:43 EDT" name="T1" finished-at="2023-10-04T22:47:49 EDT" duration-ms="6705" status="PASS">
          <params>
            <param index="0">
              <value>
                <![CDATA[https://rahulshettyacademy.com/AutomationPractice/]]>
              </value>
            </param>
          </params>
          <reporter-output>
          </reporter-output>
        </test-method> <!-- T1 -->
      </class> <!-- Test.Demo2 -->
      <class name="Test.Demo1">
        <test-method is-config="true" signature="start()[pri:0, instance:Test.Demo1@add0edd]" started-at="2023-10-04T22:47:34 EDT" name="start" finished-at="2023-10-04T22:47:34 EDT" duration-ms="12" status="PASS">
          <reporter-output>
          </reporter-output>
        </test-method> <!-- start -->
        <test-method signature="T1(java.lang.String)[pri:0, instance:Test.Demo1@add0edd]" started-at="2023-10-04T22:47:34 EDT" name="T1" finished-at="2023-10-04T22:47:43 EDT" duration-ms="8355" status="PASS">
          <params>
            <param index="0">
              <value>
                <![CDATA[https://rahulshettyacademy.com/AutomationPractice/]]>
              </value>
            </param>
          </params>
          <reporter-output>
          </reporter-output>
        </test-method> <!-- T1 -->
        <test-method is-config="true" signature="end()[pri:0, instance:Test.Demo1@add0edd]" started-at="2023-10-04T22:47:56 EDT" name="end" finished-at="2023-10-04T22:47:56 EDT" duration-ms="0" status="PASS">
          <reporter-output>
          </reporter-output>
        </test-method> <!-- end -->
      </class> <!-- Test.Demo1 -->
    </test> <!-- RS Demo -->
  </suite> <!-- Suite -->
</testng-results>
